Performing C SOURCE FILE Test CMAKE_HAVE_LIBC_PTHREAD failed with the following output:
Change Dir: /home/mzy/Code/work_space/UAV_ws/src/cmake-build-debug/CMakeFiles/CMakeTmp

Run Build Command(s):/usr/bin/make cmTC_58e4e/fast && /usr/bin/make  -f CMakeFiles/cmTC_58e4e.dir/build.make CMakeFiles/cmTC_58e4e.dir/build
make[1]: 进入目录“/home/mzy/Code/work_space/UAV_ws/src/cmake-build-debug/CMakeFiles/CMakeTmp”
Building C object CMakeFiles/cmTC_58e4e.dir/src.c.o
/usr/bin/cc   -DCMAKE_HAVE_LIBC_PTHREAD   -o CMakeFiles/cmTC_58e4e.dir/src.c.o   -c /home/mzy/Code/work_space/UAV_ws/src/cmake-build-debug/CMakeFiles/CMakeTmp/src.c
Linking C executable cmTC_58e4e
/home/mzy/Softwares/CLion-2020.3.2/clion-2020.3.2/bin/cmake/linux/bin/cmake -E cmake_link_script CMakeFiles/cmTC_58e4e.dir/link.txt --verbose=1
/usr/bin/cc  -DCMAKE_HAVE_LIBC_PTHREAD    -rdynamic CMakeFiles/cmTC_58e4e.dir/src.c.o  -o cmTC_58e4e 
/usr/bin/ld: CMakeFiles/cmTC_58e4e.dir/src.c.o: in function `main':
src.c:(.text+0x46): undefined reference to `pthread_create'
/usr/bin/ld: src.c:(.text+0x52): undefined reference to `pthread_detach'
/usr/bin/ld: src.c:(.text+0x5e): undefined reference to `pthread_cancel'
/usr/bin/ld: src.c:(.text+0x6f): undefined reference to `pthread_join'
collect2: error: ld returned 1 exit status
make[1]: *** [CMakeFiles/cmTC_58e4e.dir/build.make:107：cmTC_58e4e] 错误 1
make[1]: 离开目录“/home/mzy/Code/work_space/UAV_ws/src/cmake-build-debug/CMakeFiles/CMakeTmp”
make: *** [Makefile:141：cmTC_58e4e/fast] 错误 2


Source file was:
#include <pthread.h>

void* test_func(void* data)
{
  return data;
}

int main(void)
{
  pthread_t thread;
  pthread_create(&thread, NULL, test_func, NULL);
  pthread_detach(thread);
  pthread_cancel(thread);
  pthread_join(thread, NULL);
  pthread_atfork(NULL, NULL, NULL);
  pthread_exit(NULL);

  return 0;
}

Determining if the function pthread_create exists in the pthreads failed with the following output:
Change Dir: /home/mzy/Code/work_space/UAV_ws/src/cmake-build-debug/CMakeFiles/CMakeTmp

Run Build Command(s):/usr/bin/make cmTC_f1f2d/fast && /usr/bin/make  -f CMakeFiles/cmTC_f1f2d.dir/build.make CMakeFiles/cmTC_f1f2d.dir/build
make[1]: 进入目录“/home/mzy/Code/work_space/UAV_ws/src/cmake-build-debug/CMakeFiles/CMakeTmp”
Building C object CMakeFiles/cmTC_f1f2d.dir/CheckFunctionExists.c.o
/usr/bin/cc   -DCHECK_FUNCTION_EXISTS=pthread_create   -o CMakeFiles/cmTC_f1f2d.dir/CheckFunctionExists.c.o   -c /home/mzy/Softwares/CLion-2020.3.2/clion-2020.3.2/bin/cmake/linux/share/cmake-3.17/Modules/CheckFunctionExists.c
Linking C executable cmTC_f1f2d
/home/mzy/Softwares/CLion-2020.3.2/clion-2020.3.2/bin/cmake/linux/bin/cmake -E cmake_link_script CMakeFiles/cmTC_f1f2d.dir/link.txt --verbose=1
/usr/bin/cc  -DCHECK_FUNCTION_EXISTS=pthread_create    -rdynamic CMakeFiles/cmTC_f1f2d.dir/CheckFunctionExists.c.o  -o cmTC_f1f2d  -lpthreads 
/usr/bin/ld: 找不到 -lpthreads
collect2: error: ld returned 1 exit status
make[1]: *** [CMakeFiles/cmTC_f1f2d.dir/build.make:107：cmTC_f1f2d] 错误 1
make[1]: 离开目录“/home/mzy/Code/work_space/UAV_ws/src/cmake-build-debug/CMakeFiles/CMakeTmp”
make: *** [Makefile:141：cmTC_f1f2d/fast] 错误 2



